This file contains any messages produced by compilers while
running configure, to aid debugging if configure makes a mistake.

It was created by configure, which was
generated by GNU Autoconf 2.60.  Invocation command line was

  $ ./configure --disable-option-checking --prefix=/sdcc --datarootdir=/sdcc --disable-mcs51-port --disable-avr-port --disable-ds390-port --disable-ds400-port --disable-hc08-port --disable-pic-port --disable-pic16-port --disable-xa51-port --disable-packihx --disable-ucsim docdir=${datarootdir}/doc include_dir_suffix=include lib_dir_suffix=lib sdccconf_h_dir_separator=\\ CC=gcc -mno-cygwin CXX=g++ -mno-cygwin --cache-file=../../config.cache --srcdir=.

## --------- ##
## Platform. ##
## --------- ##

hostname = rrsd01
uname -m = i686
uname -r = 1.5.25(0.156/4/2)
uname -s = CYGWIN_NT-5.1
uname -v = 2008-06-12 19:34

/usr/bin/uname -p = unknown
/bin/uname -X     = unknown

/bin/arch              = i686
/usr/bin/arch -k       = unknown
/usr/convex/getsysinfo = unknown
/usr/bin/hostinfo      = unknown
/bin/machine           = unknown
/usr/bin/oslevel       = unknown
/bin/universe          = unknown

PATH: /usr/local/bin
PATH: /usr/bin
PATH: /bin
PATH: /usr/X11R6/bin
PATH: /cygdrive/c/Program Files/CollabNet Subversion Server
PATH: /cygdrive/c/WINDOWS/System32
PATH: /cygdrive/c/Program Files/TortoiseSVN/bin
PATH: /cygdrive/c/Program Files/MecSoft Corporation/Alibre CAM


## ----------- ##
## Core tests. ##
## ----------- ##

configure:1646: loading cache ../../config.cache
configure:1918: checking for gcc
configure:1945: result: gcc -mno-cygwin
configure:2183: checking for C compiler version
configure:2190: gcc -mno-cygwin --version >&5
gcc (GCC) 3.4.4 (cygming special, gdc 0.12, using dmd 0.125)
Copyright (C) 2004 Free Software Foundation, Inc.
This is free software; see the source for copying conditions.  There is NO
warranty; not even for MERCHANTABILITY or FITNESS FOR A PARTICULAR PURPOSE.

configure:2193: $? = 0
configure:2200: gcc -mno-cygwin -v >&5
Reading specs from /usr/lib/gcc/i686-pc-mingw32/3.4.4/specs
Configured with: /managed/gcc-build/final-v3-bootstrap/gcc-3.4.4-999/configure --verbose --program-suffix=-3 --prefix=/usr --exec-prefix=/usr --sysconfdir=/etc --libdir=/usr/lib --libexecdir=/usr/lib --mandir=/usr/share/man --infodir=/usr/share/info --enable-languages=c,ada,c++,d,f77,pascal,java,objc --enable-nls --without-included-gettext --enable-version-specific-runtime-libs --without-x --enable-libgcj --disable-java-awt --with-system-zlib --enable-interpreter --disable-libgcj-debug --enable-threads=posix --enable-java-gc=boehm --disable-win32-registry --enable-sjlj-exceptions --enable-hash-synchronization --enable-libstdcxx-debug
Thread model: posix
gcc version 3.4.4 (cygming special, gdc 0.12, using dmd 0.125)
configure:2203: $? = 0
configure:2210: gcc -mno-cygwin -V >&5
gcc: `-V' must come at the start of the command line
configure:2213: $? = 1
configure:2236: checking for C compiler default output file name
configure:2263: gcc -mno-cygwin    conftest.c  >&5
configure:2266: $? = 0
configure:2312: result: a.exe
configure:2317: checking whether the C compiler works
configure:2327: ./a.exe
configure:2330: $? = 0
configure:2347: result: yes
configure:2354: checking whether we are cross compiling
configure:2356: result: no
configure:2359: checking for suffix of executables
configure:2366: gcc -mno-cygwin -o conftest.exe    conftest.c  >&5
configure:2369: $? = 0
configure:2393: result: .exe
configure:2399: checking for suffix of object files
configure:2451: result: o
configure:2455: checking whether we are using the GNU C compiler
configure:2524: result: yes
configure:2529: checking whether gcc -mno-cygwin accepts -g
configure:2715: result: yes
configure:2732: checking for gcc -mno-cygwin option to accept ISO C89
configure:2852: result: none needed
configure:2871: checking whether gcc -mno-cygwin and cc understand -c and -o together
configure:2970: result: yes
configure:2996: checking how to run the C preprocessor
configure:3126: result: gcc -mno-cygwin -E
configure:3155: gcc -mno-cygwin -E  conftest.c
configure:3161: $? = 0
configure:3199: gcc -mno-cygwin -E  conftest.c
conftest.c:8:28: ac_nonexistent.h: No such file or directory
configure:3205: $? = 1
configure: failed program was:
| /* confdefs.h.  */
| #define PACKAGE_NAME ""
| #define PACKAGE_TARNAME ""
| #define PACKAGE_VERSION ""
| #define PACKAGE_STRING ""
| #define PACKAGE_BUGREPORT ""
| /* end confdefs.h.  */
| #include <ac_nonexistent.h>
configure:3250: checking for inline
configure:3317: result: inline
configure:3337: checking for built-in _Bool
configure:3402: result: yes
configure:3414: checking size of short
configure:3491: result: 2
configure:3499: checking size of int
configure:3576: result: 4
configure:3584: checking size of long
configure:3661: result: 4
configure:3671: checking for grep that handles long lines and -e
configure:3745: result: /usr/bin/grep
configure:3750: checking for egrep
configure:3828: result: /usr/bin/grep -E
configure:3833: checking execution character set
configure:3878: result: ASCII
configure:3901: checking whether make sets $(MAKE)
configure:3922: result: yes
configure:3932: checking whether a default assembler was specified
configure:3943: result: no
configure:3947: checking whether a default linker was specified
configure:3958: result: no
configure:3967: checking for gawk
configure:3994: result: gawk
configure:4013: checking whether ln works
configure:4036: result: yes
configure:4048: checking whether ln -s works
configure:4071: result: yes
configure:4126: checking for ranlib
configure:4153: result: ranlib
configure:4220: checking for a BSD compatible install
configure:4262: result: /usr/bin/install -c
configure:4272: checking for ANSI C header files
configure:4453: result: yes
configure:4463: checking whether time.h and sys/time.h may both be included
configure:4531: result: yes
configure:4541: checking for working stdbool.h
configure:4605: result: yes
configure:4615: checking whether string.h and strings.h may both be included
configure:4680: result: yes
configure:4690: checking for sys/wait.h that is POSIX.1 compatible
configure:4764: result: no
configure:4788: checking for sys/types.h
configure:4848: result: yes
configure:4788: checking for sys/stat.h
configure:4848: result: yes
configure:4788: checking for stdlib.h
configure:4848: result: yes
configure:4788: checking for string.h
configure:4848: result: yes
configure:4788: checking for memory.h
configure:4848: result: yes
configure:4788: checking for strings.h
configure:4848: result: yes
configure:4788: checking for inttypes.h
configure:4848: result: yes
configure:4788: checking for stdint.h
configure:4848: result: yes
configure:4788: checking for unistd.h
configure:4848: result: yes
configure:4881: checking for limits.h
configure:4887: result: yes
configure:4881: checking for stddef.h
configure:4887: result: yes
configure:4881: checking for string.h
configure:4887: result: yes
configure:4881: checking for strings.h
configure:4887: result: yes
configure:4881: checking for stdlib.h
configure:4887: result: yes
configure:4881: checking for time.h
configure:4887: result: yes
configure:4881: checking for fcntl.h
configure:4887: result: yes
configure:4881: checking for unistd.h
configure:4887: result: yes
configure:4881: checking for sys/file.h
configure:4887: result: yes
configure:4881: checking for sys/time.h
configure:4887: result: yes
configure:4881: checking for sys/param.h
configure:4887: result: yes
configure:4881: checking for sys/stat.h
configure:4887: result: yes
configure:4881: checking for direct.h
configure:4887: result: yes
configure:4881: checking for malloc.h
configure:4887: result: yes
configure:5044: checking for CHAR_BIT
configure:5072: result: yes
configure:5163: checking byte ordering
configure:5227: result: little-endian
configure:5245: checking for mktemp
configure:5273: result: yes
configure:5284: checking for strip
configure:5312: result: strip
configure:5323: checking for preprocessor stringizing operator
configure:5347: result: yes
configure:5367: checking for clock
configure:5463: result: yes
configure:5367: checking for strsignal
configure:5463: result: no
configure:5367: checking for strchr
configure:5463: result: yes
configure:5367: checking for strrchr
configure:5463: result: yes
configure:5367: checking for lstat
configure:5463: result: no
configure:5474: checking for ssize_t
configure:5542: result: yes
configure:5559: checking for getpagesize
configure:5655: result: yes
configure:5911: checking for working mmap from /dev/zero
configure:5973: result: no
configure:5983: checking for working mmap with MAP_ANON(YMOUS)
configure:6040: result: no
configure:6051: checking for working mmap of a file
configure:6141: result: no
configure:6159: checking whether getenv is declared
configure:6238: result: no
configure:6159: checking whether abort is declared
configure:6238: result: no
configure:6159: checking whether strsignal is declared
configure:6238: result: no
configure:6159: checking whether errno is declared
configure:6238: result: no
configure:6159: checking whether malloc is declared
configure:6238: result: no
configure:6159: checking whether realloc is declared
configure:6238: result: no
configure:6159: checking whether calloc is declared
configure:6238: result: no
configure:6159: checking whether free is declared
configure:6238: result: no
configure:6159: checking whether clock is declared
configure:6238: result: no
configure:6291: checking if mkdir takes one argument
configure:6365: result: yes
configure:6521: checking what assembler to use
configure:6603: result: /usr/bin/as
configure:6608: checking what nm to use
configure:6616: result: nm
configure:6620: checking whether to enable maintainer-specific portions of Makefiles
configure:6630: result: no
configure:6814: creating ./config.status

## ---------------------- ##
## Running config.status. ##
## ---------------------- ##

This file was extended by config.status, which was
generated by GNU Autoconf 2.60.  Invocation command line was

  CONFIG_FILES    = 
  CONFIG_HEADERS  = 
  CONFIG_LINKS    = 
  CONFIG_COMMANDS = 
  $ ./config.status 

on rrsd01

config.status:676: creating Makefile
config.status:676: creating auto-host.h
config.status:935: auto-host.h is unchanged
config.status:948: executing default commands

## ---------------- ##
## Cache variables. ##
## ---------------- ##

ac_cv_build=i686-pc-cygwin
ac_cv_c_char_unsigned=no
ac_cv_c_charset=ASCII
ac_cv_c_compile_endian=little-endian
ac_cv_c_compiler_gnu=yes
ac_cv_c_inline=inline
ac_cv_c_stringize=yes
ac_cv_cxx_compiler_gnu=yes
ac_cv_env_CCC_set=
ac_cv_env_CCC_value=
ac_cv_env_CC_set=set
ac_cv_env_CC_value='gcc -mno-cygwin'
ac_cv_env_CFLAGS_set=
ac_cv_env_CFLAGS_value=
ac_cv_env_CPPFLAGS_set=
ac_cv_env_CPPFLAGS_value=
ac_cv_env_CPP_set=
ac_cv_env_CPP_value=
ac_cv_env_CXXCPP_set=
ac_cv_env_CXXCPP_value=
ac_cv_env_CXXFLAGS_set=
ac_cv_env_CXXFLAGS_value=
ac_cv_env_CXX_set=set
ac_cv_env_CXX_value='g++ -mno-cygwin'
ac_cv_env_LDFLAGS_set=
ac_cv_env_LDFLAGS_value=
ac_cv_env_LIBS_set=
ac_cv_env_LIBS_value=
ac_cv_env_LIB_TYPE_set=
ac_cv_env_LIB_TYPE_value=
ac_cv_env_YACC_set=
ac_cv_env_YACC_value=
ac_cv_env_YFLAGS_set=
ac_cv_env_YFLAGS_value=
ac_cv_env_build_alias_set=
ac_cv_env_build_alias_value=
ac_cv_env_docdir_set=set
ac_cv_env_docdir_value='${datarootdir}/doc'
ac_cv_env_host_alias_set=
ac_cv_env_host_alias_value=
ac_cv_env_include_dir_suffix_set=set
ac_cv_env_include_dir_suffix_value=include
ac_cv_env_lib_dir_suffix_set=set
ac_cv_env_lib_dir_suffix_value=lib
ac_cv_env_sdccconf_h_dir_separator_set=set
ac_cv_env_sdccconf_h_dir_separator_value='\\'
ac_cv_env_target_alias_set=
ac_cv_env_target_alias_value=
ac_cv_exeext=.exe
ac_cv_func__doprnt=no
ac_cv_func__vsnprintf=yes
ac_cv_func_clock=yes
ac_cv_func_fgets=yes
ac_cv_func_getpagesize=yes
ac_cv_func_lstat=no
ac_cv_func_memcpy=yes
ac_cv_func_mkstemp=no
ac_cv_func_mmap_anon=no
ac_cv_func_mmap_dev_zero=no
ac_cv_func_mmap_file=no
ac_cv_func_snprintf=yes
ac_cv_func_strcat=yes
ac_cv_func_strchr=yes
ac_cv_func_strcmp=yes
ac_cv_func_strcpy=yes
ac_cv_func_strdup=yes
ac_cv_func_strerror=yes
ac_cv_func_strlen=yes
ac_cv_func_strrchr=yes
ac_cv_func_strsignal=no
ac_cv_func_strstr=yes
ac_cv_func_strtok=yes
ac_cv_func_vasprintf=no
ac_cv_func_vprintf=yes
ac_cv_func_vsnprintf=yes
ac_cv_func_vsprintf=yes
ac_cv_func_yylex=no
ac_cv_header_curses_h=no
ac_cv_header_direct_h=yes
ac_cv_header_dirent_dirent_h=yes
ac_cv_header_dlfcn_h=no
ac_cv_header_fcntl_h=yes
ac_cv_header_getopt_h=yes
ac_cv_header_inttypes_h=yes
ac_cv_header_limits_h=yes
ac_cv_header_malloc_h=yes
ac_cv_header_memory_h=yes
ac_cv_header_readline_readline_h=no
ac_cv_header_stdbool_h=yes
ac_cv_header_stdc=yes
ac_cv_header_stddef_h=yes
ac_cv_header_stdint_h=yes
ac_cv_header_stdlib_h=yes
ac_cv_header_string_h=yes
ac_cv_header_strings_h=yes
ac_cv_header_sys_file_h=yes
ac_cv_header_sys_param_h=yes
ac_cv_header_sys_socket_h=no
ac_cv_header_sys_stat_h=yes
ac_cv_header_sys_time_h=yes
ac_cv_header_sys_types_h=yes
ac_cv_header_sys_wait_h=no
ac_cv_header_termios_h=no
ac_cv_header_time=yes
ac_cv_header_time_h=yes
ac_cv_header_unistd_h=yes
ac_cv_header_winsock2_h=yes
ac_cv_host=i686-pc-cygwin
ac_cv_lib_dl_dlopen=yes
ac_cv_lib_lex=-lfl
ac_cv_objext=o
ac_cv_path_EGREP='/usr/bin/grep -E'
ac_cv_path_GREP=/usr/bin/grep
ac_cv_path_install='/usr/bin/install -c'
ac_cv_prog_AS=as
ac_cv_prog_AUTOCONF=autoconf
ac_cv_prog_AWK=gawk
ac_cv_prog_BISON_PLUS_PLUS=:
ac_cv_prog_CP=cp
ac_cv_prog_CPP='gcc -mno-cygwin -E'
ac_cv_prog_CXXCPP='g++ -mno-cygwin -E'
ac_cv_prog_LATEX2HTML=:
ac_cv_prog_LEX=flex
ac_cv_prog_LYX=:
ac_cv_prog_MAKEINDEX=:
ac_cv_prog_PDFLATEX=:
ac_cv_prog_PDFOPT=:
ac_cv_prog_STRIP=strip
ac_cv_prog_YACC='bison -y'
ac_cv_prog_ac_ct_CC='gcc -mno-cygwin'
ac_cv_prog_ac_ct_RANLIB=ranlib
ac_cv_prog_cc_c89=
ac_cv_prog_cc_g=yes
ac_cv_prog_cc_gcc_c_o=yes
ac_cv_prog_cxx_g=yes
ac_cv_prog_have_mktemp_command=yes
ac_cv_prog_lex_root=lex.yy
ac_cv_prog_lex_yytext_pointer=yes
ac_cv_prog_make_make_set=yes
ac_cv_search_opendir='none required'
ac_cv_sizeof_char=1
ac_cv_sizeof_int=4
ac_cv_sizeof_long=4
ac_cv_sizeof_long_long=8
ac_cv_sizeof_short=2
ac_cv_type_char=yes
ac_cv_type_int=yes
ac_cv_type_long=yes
ac_cv_type_long_long=yes
ac_cv_type_short=yes
ac_cv_type_signal=void
ac_cv_type_ssize_t=yes
gcc_cv_as=/usr/bin/as
gcc_cv_as_gas_srcdir=./gas
gcc_cv_c__bool=yes
gcc_cv_decl_char_bit=yes
gcc_cv_gas_major_version=
gcc_cv_gas_minor_version=
gcc_cv_have_decl_abort=no
gcc_cv_have_decl_calloc=no
gcc_cv_have_decl_clock=no
gcc_cv_have_decl_errno=no
gcc_cv_have_decl_free=no
gcc_cv_have_decl_getenv=no
gcc_cv_have_decl_malloc=no
gcc_cv_have_decl_realloc=no
gcc_cv_have_decl_strsignal=no
gcc_cv_header_string=yes
gcc_cv_mkdir_takes_one_arg=yes
gcc_cv_nm=nm
gcc_cv_prog_LN=ln
gcc_cv_prog_LN_S='ln -s'
lt_cv_compiler_c_o=yes
lt_cv_compiler_o_lo=yes
lt_cv_deplibs_check_method='file_magic file format pei*-i386(.*architecture: i386)?'
lt_cv_file_magic_cmd='$OBJDUMP -f'
lt_cv_file_magic_test_file=
lt_cv_global_symbol_to_c_name_address='sed -n -e '\''s/^: \([^ ]*\) $/  {\"\1\", (lt_ptr) 0},/p'\'' -e '\''s/^[BCDEGRST] \([^ ]*\) \([^ ]*\)$/  {"\2", (lt_ptr) \&\2},/p'\'''
lt_cv_global_symbol_to_cdecl='sed -n -e '\''s/^. .* \(.*\)$/extern char \1;/p'\'''
lt_cv_ld_reload_flag=-r
lt_cv_path_LD=/usr/i686-pc-mingw32/bin/ld.exe
lt_cv_path_NM='/usr/bin/nm -B'
lt_cv_prog_cc_can_build_shared=yes
lt_cv_prog_cc_no_builtin=
lt_cv_prog_cc_pic=' -DDLL_EXPORT'
lt_cv_prog_cc_pic_works=yes
lt_cv_prog_cc_shlib=
lt_cv_prog_cc_static=-static
lt_cv_prog_cc_static_works=yes
lt_cv_prog_cc_wl=-Wl,
lt_cv_prog_gnu_ld=yes
lt_cv_sys_global_symbol_pipe=
sdcc_cv_CCggdb=yes
sdcc_cv_CCpipe=yes
sdcc_cv_MM=-MM
sdcc_cv_build_bigendian=no
sdcc_cv_version=2.9.0
sdcc_cv_versionhi=2
sdcc_cv_versionlo=9
sdcc_cv_versionp=0
ucsim_cv_CXXfPIC=no
ucsim_cv_CXXfpic=no
ucsim_cv_CXXggdb=yes
ucsim_cv_CXXgstabs=yes
ucsim_cv_CXXpipe=yes
ucsim_cv_MM=-MM
ucsim_cv_accept_length_type=int
ucsim_cv_fd='<winsock2.h>'
ucsim_cv_getcwd=no
ucsim_cv_header_ok=1
ucsim_cv_scanf_a=no
ucsim_cv_socket='<winsock2.h>'

## ----------------- ##
## Output variables. ##
## ----------------- ##

AWK='gawk'
CC='gcc -mno-cygwin'
CFLAGS='-g -O2'
CPP='gcc -mno-cygwin -E'
CPPFLAGS=''
DEFS='-DHAVE_CONFIG_H'
ECHO_C=''
ECHO_N='-n'
ECHO_T=''
EGREP='/usr/bin/grep -E'
EXEEXT='.exe'
GREP='/usr/bin/grep'
INSTALL='/usr/bin/install -c'
INSTALL_DATA='${INSTALL} -m 644'
INSTALL_PROGRAM='${INSTALL}'
LDFLAGS=''
LIBOBJS=''
LIBS=''
LN='ln'
LN_S='ln -s'
LTLIBOBJS=''
MAINT='#'
NO_MINUS_C_MINUS_O=''
OBJEXT='o'
OUTPUT_OPTION='-o $@'
PACKAGE='sdcc'
PACKAGE_BUGREPORT=''
PACKAGE_NAME=''
PACKAGE_STRING=''
PACKAGE_TARNAME=''
PACKAGE_VERSION=''
PATH_SEPARATOR=':'
RANLIB='ranlib'
SET_MAKE=''
SHELL='/bin/sh'
STRIP='strip'
VERSION='const'
ac_ct_CC='gcc -mno-cygwin'
all_stagestuff=''
bindir='${exec_prefix}/bin'
build_alias=''
build_canonical=''
build_exeext=''
build_install_headers_dir='install-headers-tar'
build_xm_defines=''
build_xm_file='auto-host.h ansidecl.h  /.h defaults.h'
build_xm_file_list=''
c_target_objs=''
check_languages=''
datadir='${datarootdir}'
datarootdir='/sdcc'
dep_host_xmake_file=''
dep_tmake_file=''
docdir='${datarootdir}/doc'
dvidir='${docdir}'
exec_prefix='${prefix}'
extra_c_flags=''
extra_headers_list=''
extra_objs=' '
extra_parts=''
extra_passes=''
extra_programs=''
gcc_config_arguments=' : (reconfigured)  : (reconfigured)  : (reconfigured)  : (reconfigured)  : (reconfigured) '
gcc_version='const'
gcc_version_full='const char version_string[] = BASEVER DATESTAMP DEVPHASE VERSUFFIX;'
gcc_version_trigger='./version.c'
have_mktemp_command='yes'
host_alias=''
host_canonical=''
host_exeext=''
host_extra_gcc_objs=''
htmldir='${docdir}'
includedir='${prefix}/include'
infodir='${datarootdir}/info'
install=''
lang_tree_files=''
libdir='${exec_prefix}/lib'
libexecdir='${exec_prefix}/libexec'
local_prefix='/usr/local'
localedir='${datarootdir}/locale'
localstatedir='${prefix}/var'
mandir='${datarootdir}/man'
manext='.1'
md_file='/.md'
objdir='/cygdrive/c/sdcc-2.9/support/cpp'
objext='.o'
oldincludedir='/usr/include'
out_file='/.c'
out_object_file='.c.o'
pdfdir='${docdir}'
prefix='/sdcc'
program_transform_name='s,x,x,'
psdir='${docdir}'
sbindir='${exec_prefix}/sbin'
sharedstatedir='${prefix}/com'
symbolic_link='ln -s'
sysconfdir='${prefix}/etc'
target_alias=''
target_subdir=''
thread_file=''
warn_cflags='$(GCC_WARN_CFLAGS)'

## ----------- ##
## confdefs.h. ##
## ----------- ##

#define PACKAGE_NAME ""
#define PACKAGE_TARNAME ""
#define PACKAGE_VERSION ""
#define PACKAGE_STRING ""
#define PACKAGE_BUGREPORT ""
#define HAVE__BOOL 1
#define SIZEOF_SHORT 2
#define SIZEOF_INT 4
#define SIZEOF_LONG 4
#define STDC_HEADERS 1
#define TIME_WITH_SYS_TIME 1
#define HAVE_STDBOOL_H 1
#define STRING_WITH_STRINGS 1
#define HAVE_SYS_TYPES_H 1
#define HAVE_SYS_STAT_H 1
#define HAVE_STDLIB_H 1
#define HAVE_STRING_H 1
#define HAVE_MEMORY_H 1
#define HAVE_STRINGS_H 1
#define HAVE_INTTYPES_H 1
#define HAVE_STDINT_H 1
#define HAVE_UNISTD_H 1
#define HAVE_LIMITS_H 1
#define HAVE_STDDEF_H 1
#define HAVE_STRING_H 1
#define HAVE_STRINGS_H 1
#define HAVE_STDLIB_H 1
#define HAVE_TIME_H 1
#define HAVE_FCNTL_H 1
#define HAVE_UNISTD_H 1
#define HAVE_SYS_FILE_H 1
#define HAVE_SYS_TIME_H 1
#define HAVE_SYS_PARAM_H 1
#define HAVE_SYS_STAT_H 1
#define HAVE_DIRECT_H 1
#define HAVE_MALLOC_H 1
#define HAVE_STRINGIZE 1
#define HAVE_CLOCK 1
#define HAVE_STRCHR 1
#define HAVE_STRRCHR 1
#define HAVE_GETPAGESIZE 1
#define HAVE_DECL_GETENV 0
#define HAVE_DECL_ABORT 0
#define HAVE_DECL_STRSIGNAL 0
#define HAVE_DECL_ERRNO 0
#define HAVE_DECL_MALLOC 0
#define HAVE_DECL_REALLOC 0
#define HAVE_DECL_CALLOC 0
#define HAVE_DECL_FREE 0
#define HAVE_DECL_CLOCK 0
#define MKDIR_TAKES_ONE_ARG 1
#define PACKAGE "sdcc"
#define VERSION "const"

configure: exit 0
