This file contains any messages produced by compilers while
running configure, to aid debugging if configure makes a mistake.

It was created by configure, which was
generated by GNU Autoconf 2.60.  Invocation command line was

  $ ./configure --disable-option-checking --prefix=/sdcc   build_alias=  host_alias=  target_alias=  docdir=${datarootdir}/doc/${PACKAGE} --cache-file=../../config.cache --srcdir=.

## --------- ##
## Platform. ##
## --------- ##

hostname = rrsd01
uname -m = i686
uname -r = 1.5.25(0.156/4/2)
uname -s = CYGWIN_NT-5.1
uname -v = 2008-06-12 19:34

/usr/bin/uname -p = unknown
/bin/uname -X     = unknown

/bin/arch              = i686
/usr/bin/arch -k       = unknown
/usr/convex/getsysinfo = unknown
/usr/bin/hostinfo      = unknown
/bin/machine           = unknown
/usr/bin/oslevel       = unknown
/bin/universe          = unknown

PATH: /usr/local/bin
PATH: /usr/bin
PATH: /bin
PATH: /usr/X11R6/bin
PATH: /cygdrive/c/Program Files/CollabNet Subversion Server
PATH: /cygdrive/c/WINDOWS/System32
PATH: /cygdrive/c/Program Files/TortoiseSVN/bin
PATH: /cygdrive/c/Program Files/MecSoft Corporation/Alibre CAM


## ----------- ##
## Core tests. ##
## ----------- ##

configure:1570: loading cache ../../config.cache
configure:1667: checking for -gcc
configure:1697: result: no
configure:1707: checking for gcc
configure:1734: result: gcc
configure:1972: checking for C compiler version
configure:1979: gcc --version >&5
gcc (GCC) 3.4.4 (cygming special, gdc 0.12, using dmd 0.125)
Copyright (C) 2004 Free Software Foundation, Inc.
This is free software; see the source for copying conditions.  There is NO
warranty; not even for MERCHANTABILITY or FITNESS FOR A PARTICULAR PURPOSE.

configure:1982: $? = 0
configure:1989: gcc -v >&5
Reading specs from /usr/lib/gcc/i686-pc-cygwin/3.4.4/specs
Configured with: /managed/gcc-build/final-v3-bootstrap/gcc-3.4.4-999/configure --verbose --program-suffix=-3 --prefix=/usr --exec-prefix=/usr --sysconfdir=/etc --libdir=/usr/lib --libexecdir=/usr/lib --mandir=/usr/share/man --infodir=/usr/share/info --enable-languages=c,ada,c++,d,f77,pascal,java,objc --enable-nls --without-included-gettext --enable-version-specific-runtime-libs --without-x --enable-libgcj --disable-java-awt --with-system-zlib --enable-interpreter --disable-libgcj-debug --enable-threads=posix --enable-java-gc=boehm --disable-win32-registry --enable-sjlj-exceptions --enable-hash-synchronization --enable-libstdcxx-debug
Thread model: posix
gcc version 3.4.4 (cygming special, gdc 0.12, using dmd 0.125)
configure:1992: $? = 0
configure:1999: gcc -V >&5
gcc: `-V' option must have argument
configure:2002: $? = 1
configure:2025: checking for C compiler default output file name
configure:2052: gcc    conftest.c  >&5
configure:2055: $? = 0
configure:2101: result: a.exe
configure:2106: checking whether the C compiler works
configure:2116: ./a.exe
configure:2119: $? = 0
configure:2136: result: yes
configure:2143: checking whether we are cross compiling
configure:2145: result: no
configure:2148: checking for suffix of executables
configure:2155: gcc -o conftest.exe    conftest.c  >&5
configure:2158: $? = 0
configure:2182: result: .exe
configure:2188: checking for suffix of object files
configure:2240: result: o
configure:2244: checking whether we are using the GNU C compiler
configure:2313: result: yes
configure:2318: checking whether gcc accepts -g
configure:2504: result: yes
configure:2521: checking for gcc option to accept ISO C89
configure:2641: result: none needed
configure:2666: checking how to run the C preprocessor
configure:2796: result: gcc -E
configure:2825: gcc -E  conftest.c
configure:2831: $? = 0
configure:2869: gcc -E  conftest.c
conftest.c:8:28: ac_nonexistent.h: No such file or directory
configure:2875: $? = 1
configure: failed program was:
| /* confdefs.h.  */
| #define PACKAGE_NAME ""
| #define PACKAGE_TARNAME ""
| #define PACKAGE_VERSION ""
| #define PACKAGE_STRING ""
| #define PACKAGE_BUGREPORT ""
| /* end confdefs.h.  */
| #include <ac_nonexistent.h>
configure:2920: checking for grep that handles long lines and -e
configure:2994: result: /usr/bin/grep
configure:2999: checking for egrep
configure:3077: result: /usr/bin/grep -E
configure:3082: checking for ANSI C header files
configure:3263: result: yes
configure:3287: checking for sys/types.h
configure:3347: result: yes
configure:3287: checking for sys/stat.h
configure:3347: result: yes
configure:3287: checking for stdlib.h
configure:3347: result: yes
configure:3287: checking for string.h
configure:3347: result: yes
configure:3287: checking for memory.h
configure:3347: result: yes
configure:3287: checking for strings.h
configure:3347: result: yes
configure:3287: checking for inttypes.h
configure:3347: result: yes
configure:3287: checking for stdint.h
configure:3347: result: yes
configure:3287: checking for unistd.h
configure:3347: result: yes
configure:3359: checking for char
configure:3389: gcc -c -g -O2  conftest.c >&5
configure:3395: $? = 0
configure:3402: test -z "$ac_c_werror_flag" || test ! -s conftest.err
configure:3405: $? = 0
configure:3412: test -s conftest.o
configure:3415: $? = 0
configure:3427: result: yes
configure:3430: checking size of char
configure:3852: result: 1
configure:3859: checking for short
configure:3889: gcc -c -g -O2  conftest.c >&5
configure:3895: $? = 0
configure:3902: test -z "$ac_c_werror_flag" || test ! -s conftest.err
configure:3905: $? = 0
configure:3912: test -s conftest.o
configure:3915: $? = 0
configure:3927: result: yes
configure:3930: checking size of short
configure:4352: result: 2
configure:4359: checking for int
configure:4389: gcc -c -g -O2  conftest.c >&5
configure:4395: $? = 0
configure:4402: test -z "$ac_c_werror_flag" || test ! -s conftest.err
configure:4405: $? = 0
configure:4412: test -s conftest.o
configure:4415: $? = 0
configure:4427: result: yes
configure:4430: checking size of int
configure:4852: result: 4
configure:4859: checking for long
configure:4889: gcc -c -g -O2  conftest.c >&5
configure:4895: $? = 0
configure:4902: test -z "$ac_c_werror_flag" || test ! -s conftest.err
configure:4905: $? = 0
configure:4912: test -s conftest.o
configure:4915: $? = 0
configure:4927: result: yes
configure:4930: checking size of long
configure:5352: result: 4
configure:5359: checking for long long
configure:5389: gcc -c -g -O2  conftest.c >&5
configure:5395: $? = 0
configure:5402: test -z "$ac_c_werror_flag" || test ! -s conftest.err
configure:5405: $? = 0
configure:5412: test -s conftest.o
configure:5415: $? = 0
configure:5427: result: yes
configure:5430: checking size of long long
configure:5818: gcc -o conftest.exe -g -O2   conftest.c  >&5
configure:5821: $? = 0
configure:5827: ./conftest.exe
configure:5830: $? = 0
configure:5852: result: 8
configure:5885: checking type name for byte
configure:5888: result: char
configure:5890: checking type name for word
configure:5893: result: short
configure:5970: updating cache ../../config.cache
configure:6006: creating ./config.status

## ---------------------- ##
## Running config.status. ##
## ---------------------- ##

This file was extended by config.status, which was
generated by GNU Autoconf 2.60.  Invocation command line was

  CONFIG_FILES    = 
  CONFIG_HEADERS  = 
  CONFIG_LINKS    = 
  CONFIG_COMMANDS = 
  $ ./config.status 

on rrsd01

config.status:578: creating Makefile
config.status:578: creating config.h

## ---------------- ##
## Cache variables. ##
## ---------------- ##

ac_cv_c_char_unsigned=no
ac_cv_c_charset=ASCII
ac_cv_c_compile_endian=little-endian
ac_cv_c_compiler_gnu=yes
ac_cv_c_inline=inline
ac_cv_c_stringize=yes
ac_cv_env_CC_set=
ac_cv_env_CC_value=
ac_cv_env_CFLAGS_set=
ac_cv_env_CFLAGS_value=
ac_cv_env_CPPFLAGS_set=
ac_cv_env_CPPFLAGS_value=
ac_cv_env_CPP_set=
ac_cv_env_CPP_value=
ac_cv_env_LDFLAGS_set=
ac_cv_env_LDFLAGS_value=
ac_cv_env_LIBS_set=
ac_cv_env_LIBS_value=
ac_cv_env_LIB_TYPE_set=
ac_cv_env_LIB_TYPE_value=
ac_cv_env_build_alias_set=set
ac_cv_env_build_alias_value=' '
ac_cv_env_docdir_set=set
ac_cv_env_docdir_value='${datarootdir}/doc/${PACKAGE}'
ac_cv_env_host_alias_set=set
ac_cv_env_host_alias_value=' '
ac_cv_env_include_dir_suffix_set=
ac_cv_env_include_dir_suffix_value=
ac_cv_env_lib_dir_suffix_set=
ac_cv_env_lib_dir_suffix_value=
ac_cv_env_sdccconf_h_dir_separator_set=
ac_cv_env_sdccconf_h_dir_separator_value=
ac_cv_env_target_alias_set=set
ac_cv_env_target_alias_value=' '
ac_cv_exeext=.exe
ac_cv_func_clock=yes
ac_cv_func_getpagesize=yes
ac_cv_func_lstat=yes
ac_cv_func_mkstemp=yes
ac_cv_func_mmap_anon=yes
ac_cv_func_mmap_dev_zero=yes
ac_cv_func_mmap_file=yes
ac_cv_func_snprintf=yes
ac_cv_func_strchr=yes
ac_cv_func_strerror=yes
ac_cv_func_strrchr=yes
ac_cv_func_strsignal=yes
ac_cv_func_vsnprintf=yes
ac_cv_func_vsprintf=yes
ac_cv_header_direct_h=no
ac_cv_header_fcntl_h=yes
ac_cv_header_inttypes_h=yes
ac_cv_header_limits_h=yes
ac_cv_header_malloc_h=yes
ac_cv_header_memory_h=yes
ac_cv_header_stdbool_h=yes
ac_cv_header_stdc=yes
ac_cv_header_stddef_h=yes
ac_cv_header_stdint_h=yes
ac_cv_header_stdlib_h=yes
ac_cv_header_string_h=yes
ac_cv_header_strings_h=yes
ac_cv_header_sys_file_h=yes
ac_cv_header_sys_param_h=yes
ac_cv_header_sys_stat_h=yes
ac_cv_header_sys_time_h=yes
ac_cv_header_sys_types_h=yes
ac_cv_header_sys_wait_h=yes
ac_cv_header_time=yes
ac_cv_header_time_h=yes
ac_cv_header_unistd_h=yes
ac_cv_objext=o
ac_cv_path_EGREP='/usr/bin/grep -E'
ac_cv_path_GREP=/usr/bin/grep
ac_cv_path_install='/usr/bin/install -c'
ac_cv_prog_AS=as
ac_cv_prog_AUTOCONF=autoconf
ac_cv_prog_AWK=gawk
ac_cv_prog_CP=cp
ac_cv_prog_CPP='gcc -E'
ac_cv_prog_LATEX2HTML=:
ac_cv_prog_LEX=flex
ac_cv_prog_LYX=:
ac_cv_prog_MAKEINDEX=:
ac_cv_prog_PDFLATEX=:
ac_cv_prog_PDFOPT=:
ac_cv_prog_STRIP=strip
ac_cv_prog_YACC='bison -y'
ac_cv_prog_ac_ct_CC=gcc
ac_cv_prog_ac_ct_RANLIB=ranlib
ac_cv_prog_cc_c89=
ac_cv_prog_cc_g=yes
ac_cv_prog_cc_gcc_c_o=yes
ac_cv_prog_have_mktemp_command=yes
ac_cv_prog_make_make_set=yes
ac_cv_sizeof_char=1
ac_cv_sizeof_int=4
ac_cv_sizeof_long=4
ac_cv_sizeof_long_long=8
ac_cv_sizeof_short=2
ac_cv_type_char=yes
ac_cv_type_int=yes
ac_cv_type_long=yes
ac_cv_type_long_long=yes
ac_cv_type_short=yes
ac_cv_type_signal=void
ac_cv_type_ssize_t=yes
gcc_cv_as=/bin//as
gcc_cv_as_gas_srcdir=./gas
gcc_cv_c__bool=yes
gcc_cv_decl_char_bit=yes
gcc_cv_gas_major_version=
gcc_cv_gas_minor_version=
gcc_cv_have_decl_abort=no
gcc_cv_have_decl_calloc=no
gcc_cv_have_decl_clock=no
gcc_cv_have_decl_errno=no
gcc_cv_have_decl_free=no
gcc_cv_have_decl_getenv=no
gcc_cv_have_decl_malloc=no
gcc_cv_have_decl_realloc=no
gcc_cv_have_decl_strsignal=no
gcc_cv_header_string=yes
gcc_cv_mkdir_takes_one_arg=no
gcc_cv_nm=nm
gcc_cv_prog_LN=ln
gcc_cv_prog_LN_S='ln -s'
sdcc_cv_CCggdb=yes
sdcc_cv_CCpipe=yes
sdcc_cv_MM=-MM
sdcc_cv_build_bigendian=no
sdcc_cv_version=2.9.0
sdcc_cv_versionhi=2
sdcc_cv_versionlo=9
sdcc_cv_versionp=0

## ----------------- ##
## Output variables. ##
## ----------------- ##

CC='gcc'
CFLAGS='-g -O2'
CPP='gcc -E'
CPPFLAGS=''
DEFS='-DHAVE_CONFIG_H'
ECHO_C=''
ECHO_N='-n'
ECHO_T=''
EGREP='/usr/bin/grep -E'
EXEEXT='.exe'
GREP='/usr/bin/grep'
LDFLAGS=''
LIBOBJS=''
LIBS=''
LTLIBOBJS=''
OBJEXT='o'
PACKAGE_BUGREPORT=''
PACKAGE_NAME=''
PACKAGE_STRING=''
PACKAGE_TARNAME=''
PACKAGE_VERSION=''
PATH_SEPARATOR=':'
SHELL='/bin/sh'
ac_ct_CC='gcc'
bindir='${exec_prefix}/bin'
build_alias=' '
datadir='${datarootdir}'
datarootdir='${prefix}/share'
docdir='${datarootdir}/doc/${PACKAGE}'
dvidir='${docdir}'
exec_prefix='${prefix}'
host_alias=' '
htmldir='${docdir}'
includedir='${prefix}/include'
infodir='${datarootdir}/info'
libdir='${exec_prefix}/lib'
libexecdir='${exec_prefix}/libexec'
localedir='${datarootdir}/locale'
localstatedir='${prefix}/var'
mandir='${datarootdir}/man'
oldincludedir='/usr/include'
pdfdir='${docdir}'
prefix='/sdcc'
program_transform_name='s,x,x,'
psdir='${docdir}'
sbindir='${exec_prefix}/sbin'
sharedstatedir='${prefix}/com'
sysconfdir='${prefix}/etc'
target_alias=' '

## ----------- ##
## confdefs.h. ##
## ----------- ##

#define PACKAGE_NAME ""
#define PACKAGE_TARNAME ""
#define PACKAGE_VERSION ""
#define PACKAGE_STRING ""
#define PACKAGE_BUGREPORT ""
#define STDC_HEADERS 1
#define HAVE_SYS_TYPES_H 1
#define HAVE_SYS_STAT_H 1
#define HAVE_STDLIB_H 1
#define HAVE_STRING_H 1
#define HAVE_MEMORY_H 1
#define HAVE_STRINGS_H 1
#define HAVE_INTTYPES_H 1
#define HAVE_STDINT_H 1
#define HAVE_UNISTD_H 1
#define SIZEOF_CHAR 1
#define SIZEOF_SHORT 2
#define SIZEOF_INT 4
#define SIZEOF_LONG 4
#define SIZEOF_LONG_LONG 8
#define TYPE_BYTE char
#define TYPE_WORD short

configure: exit 0
